<testsuites name="jest tests" tests="1" failures="0" time="0.826">
  <testsuite name="undefined" errors="0" failures="0" skipped="0" timestamp="2024-09-06T14:55:40" time="0.826" tests="1">
    <testcase classname=" renders without crashing" name=" renders without crashing" time="0.022">
    </testcase>
  </testsuite>
</testsuites>